<?xml version="1.0" encoding="UTF-8"?>
<!-- Generated by org.testng.reporters.JUnitReportReporter -->
<testsuite hostname="DESKTOP-EDAL3S7" failures="0" tests="9" name="testng.grouping" time="0.029" errors="0" timestamp="2025-02-20T12:55:24 IST" skipped="0">
  <testcase classname="testng.grouping" name="loginByFacebook" time="0.001"/>
  <testcase classname="testng.grouping" name="paymentForEmail" time="0.001"/>
  <testcase classname="testng.grouping" name="SignupByFacebook" time="0.001"/>
  <testcase classname="testng.grouping" name="loginByEmail" time="0.003"/>
  <testcase classname="testng.grouping" name="signupByEmail" time="0.002"/>
  <testcase classname="testng.grouping" name="signupByTwitter" time="0.002"/>
  <testcase classname="testng.grouping" name="PaymentForFacebook" time="0.010"/>
  <testcase classname="testng.grouping" name="loginByTwitter" time="0.003"/>
  <testcase classname="testng.grouping" name="paymentForTwitter" time="0.006"/>
</testsuite> <!-- testng.grouping -->
