<?xml version="1.0" encoding="UTF-8"?>
<!-- Generated by org.testng.reporters.JUnitReportReporter -->
<testsuite hostname="DESKTOP-EDAL3S7" failures="0" tests="1" name="testng.DataProviderDemo" time="3.914" errors="0" timestamp="2025-02-21T14:48:08 IST" skipped="0">
  <testcase classname="testng.DataProviderDemo" name="testLogin" time="3.914"/>
</testsuite> <!-- testng.DataProviderDemo -->
