<?xml version="1.0" encoding="UTF-8"?>
<!-- Generated by org.testng.reporters.JUnitReportReporter -->
<testsuite hostname="DESKTOP-EDAL3S7" failures="0" tests="2" name="testng.firstTc" time="0.012" errors="0" timestamp="2025-02-19T19:08:19 IST" skipped="0">
  <testcase classname="testng.firstTc" name="tc1" time="0.009"/>
  <testcase classname="testng.firstTc" name="tc2" time="0.003"/>
</testsuite> <!-- testng.firstTc -->
